<?xml version="1.0" encoding="UTF-8"?>
<testng-results ignored="0" total="1" passed="1" failed="0" skipped="0">
  <reporter-output>
  </reporter-output>
  <suite started-at="2024-10-02T12:49:39 BRT" name="Surefire suite" finished-at="2024-10-02T12:49:46 BRT" duration-ms="6783">
    <groups>
    </groups>
    <test started-at="2024-10-02T12:49:39 BRT" name="Surefire test" finished-at="2024-10-02T12:49:46 BRT" duration-ms="6783">
      <class name="LojaEbacTest">
        <test-method is-config="true" signature="setUp()[pri:0, instance:LojaEbacTest@25d3cfc8]" started-at="2024-10-02T12:49:39 BRT" name="setUp" finished-at="2024-10-02T12:49:41 BRT" duration-ms="1453" status="PASS">
          <reporter-output>
          </reporter-output>
        </test-method> <!-- setUp -->
        <test-method signature="shouldAccessHomePage()[pri:0, instance:LojaEbacTest@25d3cfc8]" started-at="2024-10-02T12:49:41 BRT" name="shouldAccessHomePage" finished-at="2024-10-02T12:49:46 BRT" duration-ms="5072" status="PASS">
          <reporter-output>
          </reporter-output>
        </test-method> <!-- shouldAccessHomePage -->
        <test-method is-config="true" signature="tearDown()[pri:0, instance:LojaEbacTest@25d3cfc8]" started-at="2024-10-02T12:49:46 BRT" name="tearDown" finished-at="2024-10-02T12:49:46 BRT" duration-ms="96" status="PASS">
          <reporter-output>
          </reporter-output>
        </test-method> <!-- tearDown -->
      </class> <!-- LojaEbacTest -->
    </test> <!-- Surefire test -->
  </suite> <!-- Surefire suite -->
</testng-results>
